C:\Program Files\Microsoft Visual Studio\2022\Community\MSBuild\Microsoft\VC\v170\Microsoft.CppBuild.targets(510,5): warning MSB8028: 中间目录(x64\Debug\)包含从另一个项目(1-03 Map.vcxproj)共享的文件。   这会导致错误的清除和重新生成行为。
  1-10 Map.cpp
F:\HXM\C++\c++ advance\1-10 Map\1-10 Map.cpp(228,19): warning C4267: “参数”: 从“size_t”转换到“ValueType”，可能丢失数据
          with
          [
              ValueType=int
          ]
F:\HXM\C++\c++ advance\1-10 Map\1-10 Map.cpp(228,19): warning C4267: “参数”: 从“size_t”转换到“KeyType”，可能丢失数据
          with
          [
              KeyType=int
          ]
F:\HXM\C++\c++ advance\1-10 Map\1-10 Map.cpp(235,16): warning C4267: “参数”: 从“size_t”转换到“KeyType”，可能丢失数据
          with
          [
              KeyType=int
          ]
F:\HXM\C++\c++ advance\1-10 Map\1-10 Map.cpp(251,19): warning C4267: “参数”: 从“size_t”转换到“ValueType”，可能丢失数据
          with
          [
              ValueType=int
          ]
F:\HXM\C++\c++ advance\1-10 Map\1-10 Map.cpp(163): warning C4715: “Map<int,int>::get_node”: 不是所有的控件路径都返回值
F:\HXM\C++\c++ advance\1-10 Map\1-10 Map.cpp(163): warning C4715: “Map<MyClass,int>::get_node”: 不是所有的控件路径都返回值
  1-10 Map.vcxproj -> F:\HXM\C++\c++ advance\x64\Debug\1-10 Map.exe
